{"E:\\Sync\\Random\\avito-test\\jest\\styleMock.js": {"path":"E:\\Sync\\Random\\avito-test\\jest\\styleMock.js","statementMap":{"0":{"start":{"line":1,"column":0},"end":{"line":1,"column":20}}},"fnMap":{},"branchMap":{},"s":{"0":8},"f":{},"b":{},"_coverageSchema":"1a1c01bbd47fc00a2c39e90264f33305004495a9","hash":"7a48afa5a1617408821c60c6b4e78cf09c2c1fea"}
,"E:\\Sync\\Random\\avito-test\\src\\components\\common\\index.ts": {"path":"E:\\Sync\\Random\\avito-test\\src\\components\\common\\index.ts","statementMap":{"0":{"start":{"line":1,"column":0},"end":{"line":1,"column":9}},"1":{"start":{"line":1,"column":9},"end":{"line":1,"column":26}},"2":{"start":{"line":2,"column":0},"end":{"line":2,"column":9}},"3":{"start":{"line":2,"column":9},"end":{"line":2,"column":30}},"4":{"start":{"line":3,"column":0},"end":{"line":3,"column":9}},"5":{"start":{"line":3,"column":9},"end":{"line":3,"column":26}},"6":{"start":{"line":4,"column":0},"end":{"line":4,"column":9}},"7":{"start":{"line":4,"column":9},"end":{"line":4,"column":26}},"8":{"start":{"line":5,"column":0},"end":{"line":5,"column":9}},"9":{"start":{"line":5,"column":9},"end":{"line":5,"column":28}},"10":{"start":{"line":6,"column":0},"end":{"line":6,"column":9}},"11":{"start":{"line":6,"column":9},"end":{"line":6,"column":25}},"12":{"start":{"line":7,"column":0},"end":{"line":7,"column":9}},"13":{"start":{"line":7,"column":9},"end":{"line":7,"column":26}},"14":{"start":{"line":8,"column":0},"end":{"line":8,"column":9}},"15":{"start":{"line":8,"column":9},"end":{"line":8,"column":33}},"16":{"start":{"line":9,"column":0},"end":{"line":9,"column":8}},"17":{"start":{"line":9,"column":8},"end":{"line":9,"column":30}}},"fnMap":{"0":{"name":"(anonymous_1)","decl":{"start":{"line":1,"column":9},"end":{"line":1,"column":16}},"loc":{"start":{"line":1,"column":9},"end":{"line":1,"column":26}}},"1":{"name":"(anonymous_2)","decl":{"start":{"line":2,"column":9},"end":{"line":2,"column":16}},"loc":{"start":{"line":2,"column":9},"end":{"line":2,"column":30}}},"2":{"name":"(anonymous_3)","decl":{"start":{"line":3,"column":9},"end":{"line":3,"column":16}},"loc":{"start":{"line":3,"column":9},"end":{"line":3,"column":26}}},"3":{"name":"(anonymous_4)","decl":{"start":{"line":4,"column":9},"end":{"line":4,"column":16}},"loc":{"start":{"line":4,"column":9},"end":{"line":4,"column":26}}},"4":{"name":"(anonymous_5)","decl":{"start":{"line":5,"column":9},"end":{"line":5,"column":16}},"loc":{"start":{"line":5,"column":9},"end":{"line":5,"column":28}}},"5":{"name":"(anonymous_6)","decl":{"start":{"line":6,"column":9},"end":{"line":6,"column":16}},"loc":{"start":{"line":6,"column":9},"end":{"line":6,"column":25}}},"6":{"name":"(anonymous_7)","decl":{"start":{"line":7,"column":9},"end":{"line":7,"column":16}},"loc":{"start":{"line":7,"column":9},"end":{"line":7,"column":26}}},"7":{"name":"(anonymous_8)","decl":{"start":{"line":8,"column":9},"end":{"line":8,"column":16}},"loc":{"start":{"line":8,"column":9},"end":{"line":8,"column":33}}},"8":{"name":"(anonymous_9)","decl":{"start":{"line":9,"column":8},"end":{"line":9,"column":15}},"loc":{"start":{"line":9,"column":8},"end":{"line":9,"column":30}}}},"branchMap":{},"s":{"0":2,"1":13,"2":2,"3":9,"4":2,"5":6,"6":2,"7":13,"8":2,"9":16,"10":2,"11":2,"12":2,"13":37,"14":2,"15":4,"16":2,"17":2},"f":{"0":11,"1":7,"2":4,"3":11,"4":14,"5":0,"6":35,"7":2,"8":0},"b":{}}
,"E:\\Sync\\Random\\avito-test\\src\\components\\common\\Alert\\Alert.tsx": {"path":"E:\\Sync\\Random\\avito-test\\src\\components\\common\\Alert\\Alert.tsx","statementMap":{"0":{"start":{"line":1,"column":0},"end":{"line":1,"column":44}},"1":{"start":{"line":2,"column":0},"end":{"line":2,"column":21}},"2":{"start":{"line":10,"column":14},"end":{"line":47,"column":1}},"3":{"start":{"line":10,"column":24},"end":{"line":10,"column":26}},"4":{"start":{"line":10,"column":30},"end":{"line":10,"column":32}},"5":{"start":{"line":10,"column":39},"end":{"line":10,"column":53}},"6":{"start":{"line":11,"column":32},"end":{"line":11,"column":47}},"7":{"start":{"line":11,"column":16},"end":{"line":11,"column":18}},"8":{"start":{"line":11,"column":28},"end":{"line":11,"column":32}},"9":{"start":{"line":12,"column":34},"end":{"line":12,"column":49}},"10":{"start":{"line":12,"column":17},"end":{"line":12,"column":19}},"11":{"start":{"line":12,"column":30},"end":{"line":12,"column":34}},"12":{"start":{"line":14,"column":2},"end":{"line":21,"column":9}},"13":{"start":{"line":15,"column":4},"end":{"line":15,"column":21}},"14":{"start":{"line":16,"column":18},"end":{"line":18,"column":12}},"15":{"start":{"line":17,"column":6},"end":{"line":17,"column":24}},"16":{"start":{"line":20,"column":4},"end":{"line":20,"column":37}},"17":{"start":{"line":20,"column":17},"end":{"line":20,"column":37}},"18":{"start":{"line":23,"column":2},"end":{"line":32,"column":26}},"19":{"start":{"line":24,"column":4},"end":{"line":31,"column":5}},"20":{"start":{"line":25,"column":29},"end":{"line":28,"column":14}},"21":{"start":{"line":26,"column":8},"end":{"line":26,"column":26}},"22":{"start":{"line":27,"column":8},"end":{"line":27,"column":29}},"23":{"start":{"line":30,"column":6},"end":{"line":30,"column":48}},"24":{"start":{"line":30,"column":19},"end":{"line":30,"column":48}},"25":{"start":{"line":34,"column":22},"end":{"line":39,"column":3}},"26":{"start":{"line":35,"column":4},"end":{"line":38,"column":5}},"27":{"start":{"line":36,"column":6},"end":{"line":36,"column":24}},"28":{"start":{"line":37,"column":6},"end":{"line":37,"column":27}},"29":{"start":{"line":41,"column":2},"end":{"line":46,"column":4}},"30":{"start":{"line":49,"column":0},"end":{"line":49,"column":21}}},"fnMap":{"0":{"name":"(anonymous_0)","decl":{"start":{"line":10,"column":14},"end":{"line":10,"column":15}},"loc":{"start":{"line":10,"column":53},"end":{"line":47,"column":1}}},"1":{"name":"(anonymous_1)","decl":{"start":{"line":14,"column":12},"end":{"line":14,"column":null}},"loc":{"start":{"line":14,"column":12},"end":{"line":21,"column":3}}},"2":{"name":"(anonymous_2)","decl":{"start":{"line":16,"column":29},"end":{"line":16,"column":null}},"loc":{"start":{"line":16,"column":29},"end":{"line":18,"column":5}}},"3":{"name":"(anonymous_3)","decl":{"start":{"line":20,"column":11},"end":{"line":20,"column":17}},"loc":{"start":{"line":20,"column":11},"end":{"line":20,"column":29}}},"4":{"name":"(anonymous_4)","decl":{"start":{"line":23,"column":12},"end":{"line":23,"column":null}},"loc":{"start":{"line":23,"column":12},"end":{"line":32,"column":3}}},"5":{"name":"(anonymous_5)","decl":{"start":{"line":25,"column":40},"end":{"line":25,"column":null}},"loc":{"start":{"line":25,"column":40},"end":{"line":28,"column":7}}},"6":{"name":"(anonymous_6)","decl":{"start":{"line":30,"column":13},"end":{"line":30,"column":19}},"loc":{"start":{"line":30,"column":13},"end":{"line":30,"column":31}}},"7":{"name":"(anonymous_7)","decl":{"start":{"line":34,"column":22},"end":{"line":34,"column":null}},"loc":{"start":{"line":34,"column":22},"end":{"line":39,"column":3}}}},"branchMap":{"0":{"loc":{"start":{"line":24,"column":4},"end":{"line":31,"column":5}},"type":"if","locations":[{"start":{"line":24,"column":4},"end":{"line":31,"column":5}}]},"1":{"loc":{"start":{"line":27,"column":8},"end":{"line":27,"column":28}},"type":"binary-expr","locations":[{"start":{"line":27,"column":8},"end":{"line":27,"column":15}},{"start":{"line":27,"column":19},"end":{"line":27,"column":28}}]},"2":{"loc":{"start":{"line":35,"column":4},"end":{"line":38,"column":5}},"type":"if","locations":[{"start":{"line":35,"column":4},"end":{"line":38,"column":5}}]},"3":{"loc":{"start":{"line":37,"column":6},"end":{"line":37,"column":26}},"type":"binary-expr","locations":[{"start":{"line":37,"column":6},"end":{"line":37,"column":13}},{"start":{"line":37,"column":17},"end":{"line":37,"column":26}}]},"4":{"loc":{"start":{"line":42,"column":37},"end":{"line":42,"column":62}},"type":"cond-expr","locations":[{"start":{"line":42,"column":47},"end":{"line":42,"column":53}},{"start":{"line":42,"column":56},"end":{"line":42,"column":62}}]}},"s":{"0":2,"1":2,"2":2,"3":0,"4":0,"5":0,"6":0,"7":0,"8":0,"9":0,"10":0,"11":0,"12":0,"13":0,"14":0,"15":0,"16":0,"17":0,"18":0,"19":0,"20":0,"21":0,"22":0,"23":0,"24":0,"25":0,"26":0,"27":0,"28":0,"29":0,"30":2},"f":{"0":0,"1":0,"2":0,"3":0,"4":0,"5":0,"6":0,"7":0},"b":{"0":[0],"1":[0,0],"2":[0],"3":[0,0],"4":[0,0]}}
,"E:\\Sync\\Random\\avito-test\\src\\components\\common\\Button\\Button.tsx": {"path":"E:\\Sync\\Random\\avito-test\\src\\components\\common\\Button\\Button.tsx","statementMap":{"0":{"start":{"line":2,"column":0},"end":{"line":2,"column":22}},"1":{"start":{"line":10,"column":15},"end":{"line":26,"column":1}},"2":{"start":{"line":11,"column":2},"end":{"line":11,"column":9}},"3":{"start":{"line":11,"column":9},"end":{"line":11,"column":null}},"4":{"start":{"line":12,"column":2},"end":{"line":12,"column":6}},"5":{"start":{"line":12,"column":6},"end":{"line":12,"column":null}},"6":{"start":{"line":13,"column":2},"end":{"line":13,"column":9}},"7":{"start":{"line":13,"column":9},"end":{"line":13,"column":null}},"8":{"start":{"line":14,"column":2},"end":{"line":14,"column":11}},"9":{"start":{"line":14,"column":11},"end":{"line":14,"column":null}},"10":{"start":{"line":15,"column":10},"end":{"line":15,"column":null}},"11":{"start":{"line":16,"column":10},"end":{"line":17,"column":14}},"12":{"start":{"line":18,"column":2},"end":{"line":25,"column":4}},"13":{"start":{"line":27,"column":0},"end":{"line":27,"column":22}}},"fnMap":{"0":{"name":"(anonymous_3)","decl":{"start":{"line":10,"column":15},"end":{"line":10,"column":16}},"loc":{"start":{"line":17,"column":14},"end":{"line":26,"column":1}}}},"branchMap":{"0":{"loc":{"start":{"line":11,"column":9},"end":{"line":11,"column":null}},"type":"cond-expr","locations":[{"start":{"line":11,"column":12},"end":{"line":11,"column":21}},{"start":{"line":11,"column":21},"end":{"line":11,"column":null}}]},"1":{"loc":{"start":{"line":12,"column":6},"end":{"line":12,"column":null}},"type":"cond-expr","locations":[{"start":{"line":12,"column":9},"end":{"line":12,"column":17}},{"start":{"line":12,"column":17},"end":{"line":12,"column":null}}]},"2":{"loc":{"start":{"line":13,"column":9},"end":{"line":13,"column":null}},"type":"cond-expr","locations":[{"start":{"line":13,"column":12},"end":{"line":13,"column":20}},{"start":{"line":13,"column":20},"end":{"line":13,"column":null}}]},"3":{"loc":{"start":{"line":14,"column":11},"end":{"line":14,"column":null}},"type":"cond-expr","locations":[{"start":{"line":14,"column":14},"end":{"line":14,"column":16}},{"start":{"line":14,"column":16},"end":{"line":14,"column":null}}]}},"s":{"0":4,"1":4,"2":43,"3":43,"4":43,"5":43,"6":43,"7":43,"8":43,"9":43,"10":43,"11":43,"12":43,"13":4},"f":{"0":43},"b":{"0":[32,11],"1":[32,11],"2":[32,11],"3":[19,24]}}
,"E:\\Sync\\Random\\avito-test\\src\\components\\common\\DropDown\\DropDown.tsx": {"path":"E:\\Sync\\Random\\avito-test\\src\\components\\common\\DropDown\\DropDown.tsx","statementMap":{"0":{"start":{"line":1,"column":0},"end":{"line":1,"column":51}},"1":{"start":{"line":2,"column":0},"end":{"line":2,"column":24}},"2":{"start":{"line":14,"column":17},"end":{"line":59,"column":1}},"3":{"start":{"line":15,"column":9},"end":{"line":15,"column":null}},"4":{"start":{"line":16,"column":10},"end":{"line":16,"column":null}},"5":{"start":{"line":17,"column":2},"end":{"line":17,"column":13}},"6":{"start":{"line":17,"column":13},"end":{"line":17,"column":null}},"7":{"start":{"line":18,"column":27},"end":{"line":18,"column":null}},"8":{"start":{"line":19,"column":2},"end":{"line":19,"column":14}},"9":{"start":{"line":19,"column":14},"end":{"line":19,"column":null}},"10":{"start":{"line":20,"column":2},"end":{"line":20,"column":11}},"11":{"start":{"line":20,"column":11},"end":{"line":20,"column":null}},"12":{"start":{"line":21,"column":2},"end":{"line":21,"column":7}},"13":{"start":{"line":21,"column":7},"end":{"line":21,"column":null}},"14":{"start":{"line":23,"column":30},"end":{"line":23,"column":45}},"15":{"start":{"line":23,"column":15},"end":{"line":23,"column":17}},"16":{"start":{"line":23,"column":26},"end":{"line":23,"column":30}},"17":{"start":{"line":24,"column":34},"end":{"line":24,"column":82}},"18":{"start":{"line":24,"column":17},"end":{"line":24,"column":19}},"19":{"start":{"line":24,"column":30},"end":{"line":24,"column":34}},"20":{"start":{"line":26,"column":2},"end":{"line":28,"column":24}},"21":{"start":{"line":27,"column":4},"end":{"line":27,"column":41}},"22":{"start":{"line":30,"column":23},"end":{"line":34,"column":3}},"23":{"start":{"line":31,"column":4},"end":{"line":31,"column":23}},"24":{"start":{"line":32,"column":4},"end":{"line":32,"column":20}},"25":{"start":{"line":33,"column":4},"end":{"line":33,"column":21}},"26":{"start":{"line":36,"column":2},"end":{"line":58,"column":4}},"27":{"start":{"line":38,"column":80},"end":{"line":38,"column":null}},"28":{"start":{"line":39,"column":40},"end":{"line":39,"column":61}},"29":{"start":{"line":43,"column":69},"end":{"line":43,"column":null}},"30":{"start":{"line":46,"column":35},"end":{"line":54,"column":12}},"31":{"start":{"line":50,"column":29},"end":{"line":50,"column":null}},"32":{"start":{"line":61,"column":0},"end":{"line":61,"column":24}}},"fnMap":{"0":{"name":"(anonymous_0)","decl":{"start":{"line":14,"column":17},"end":{"line":14,"column":18}},"loc":{"start":{"line":22,"column":16},"end":{"line":59,"column":1}}},"1":{"name":"(anonymous_1)","decl":{"start":{"line":26,"column":12},"end":{"line":26,"column":null}},"loc":{"start":{"line":26,"column":12},"end":{"line":28,"column":3}}},"2":{"name":"(anonymous_2)","decl":{"start":{"line":30,"column":23},"end":{"line":30,"column":24}},"loc":{"start":{"line":30,"column":44},"end":{"line":34,"column":3}}},"3":{"name":"(anonymous_3)","decl":{"start":{"line":38,"column":74},"end":{"line":38,"column":80}},"loc":{"start":{"line":38,"column":74},"end":{"line":38,"column":89}}},"4":{"name":"(anonymous_4)","decl":{"start":{"line":39,"column":33},"end":{"line":39,"column":34}},"loc":{"start":{"line":39,"column":35},"end":{"line":39,"column":41}}},"5":{"name":"(anonymous_5)","decl":{"start":{"line":43,"column":63},"end":{"line":43,"column":69}},"loc":{"start":{"line":43,"column":63},"end":{"line":43,"column":81}}},"6":{"name":"(anonymous_6)","decl":{"start":{"line":46,"column":23},"end":{"line":46,"column":24}},"loc":{"start":{"line":46,"column":30},"end":{"line":46,"column":null}}},"7":{"name":"(anonymous_7)","decl":{"start":{"line":50,"column":23},"end":{"line":50,"column":29}},"loc":{"start":{"line":50,"column":23},"end":{"line":50,"column":41}}}},"branchMap":{"0":{"loc":{"start":{"line":17,"column":13},"end":{"line":17,"column":null}},"type":"cond-expr","locations":[{"start":{"line":17,"column":16},"end":{"line":17,"column":29}},{"start":{"line":17,"column":29},"end":{"line":17,"column":null}}]},"1":{"loc":{"start":{"line":19,"column":14},"end":{"line":19,"column":null}},"type":"cond-expr","locations":[{"start":{"line":19,"column":17},"end":{"line":19,"column":19}},{"start":{"line":19,"column":19},"end":{"line":19,"column":null}}]},"2":{"loc":{"start":{"line":20,"column":11},"end":{"line":20,"column":null}},"type":"cond-expr","locations":[{"start":{"line":20,"column":14},"end":{"line":20,"column":16}},{"start":{"line":20,"column":16},"end":{"line":20,"column":null}}]},"3":{"loc":{"start":{"line":21,"column":7},"end":{"line":21,"column":null}},"type":"cond-expr","locations":[{"start":{"line":21,"column":10},"end":{"line":21,"column":15}},{"start":{"line":21,"column":15},"end":{"line":21,"column":null}}]},"4":{"loc":{"start":{"line":24,"column":58},"end":{"line":24,"column":81}},"type":"binary-expr","locations":[{"start":{"line":24,"column":58},"end":{"line":24,"column":73}},{"start":{"line":24,"column":77},"end":{"line":24,"column":81}}]},"5":{"loc":{"start":{"line":27,"column":16},"end":{"line":27,"column":39}},"type":"binary-expr","locations":[{"start":{"line":27,"column":16},"end":{"line":27,"column":31}},{"start":{"line":27,"column":35},"end":{"line":27,"column":39}}]},"6":{"loc":{"start":{"line":38,"column":41},"end":{"line":38,"column":61}},"type":"cond-expr","locations":[{"start":{"line":38,"column":49},"end":{"line":38,"column":56}},{"start":{"line":38,"column":59},"end":{"line":38,"column":61}}]},"7":{"loc":{"start":{"line":39,"column":9},"end":{"line":39,"column":82}},"type":"cond-expr","locations":[{"start":{"line":39,"column":20},"end":{"line":39,"column":68}},{"start":{"line":39,"column":71},"end":{"line":39,"column":82}}]},"8":{"loc":{"start":{"line":39,"column":20},"end":{"line":39,"column":68}},"type":"cond-expr","locations":[{"start":{"line":39,"column":61},"end":{"line":39,"column":63}},{"start":{"line":39,"column":61},"end":{"line":39,"column":68}}]},"9":{"loc":{"start":{"line":39,"column":20},"end":{"line":39,"column":63}},"type":"binary-expr","locations":[{"start":{"line":39,"column":20},"end":{"line":39,"column":63}},{"start":{"line":39,"column":61},"end":{"line":39,"column":63}}]},"10":{"loc":{"start":{"line":41,"column":7},"end":{"line":55,"column":null}},"type":"binary-expr","locations":[{"start":{"line":41,"column":7},"end":{"line":41,"column":13}},{"start":{"line":42,"column":8},"end":{"line":54,"column":null}}]}},"s":{"0":3,"1":3,"2":3,"3":24,"4":24,"5":24,"6":24,"7":24,"8":24,"9":24,"10":24,"11":24,"12":24,"13":24,"14":24,"15":24,"16":24,"17":24,"18":24,"19":24,"20":24,"21":8,"22":24,"23":3,"24":3,"25":3,"26":24,"27":3,"28":3,"29":0,"30":14,"31":3,"32":3},"f":{"0":24,"1":8,"2":3,"3":3,"4":3,"5":0,"6":14,"7":3},"b":{"0":[8,16],"1":[24,0],"2":[24,0],"3":[24,0],"4":[24,24],"5":[8,8],"6":[0,24],"7":[3,21],"8":[0,3],"9":[3,3],"10":[24,6]}}
,"E:\\Sync\\Random\\avito-test\\src\\components\\common\\Filter\\Filter.tsx": {"path":"E:\\Sync\\Random\\avito-test\\src\\components\\common\\Filter\\Filter.tsx","statementMap":{"0":{"start":{"line":1,"column":0},"end":{"line":1,"column":33}},"1":{"start":{"line":2,"column":0},"end":{"line":2,"column":22}},"2":{"start":{"line":3,"column":0},"end":{"line":3,"column":63}},"3":{"start":{"line":12,"column":15},"end":{"line":131,"column":1}},"4":{"start":{"line":13,"column":16},"end":{"line":13,"column":null}},"5":{"start":{"line":14,"column":2},"end":{"line":14,"column":18}},"6":{"start":{"line":14,"column":18},"end":{"line":14,"column":null}},"7":{"start":{"line":15,"column":2},"end":{"line":15,"column":18}},"8":{"start":{"line":15,"column":18},"end":{"line":15,"column":null}},"9":{"start":{"line":16,"column":2},"end":{"line":16,"column":11}},"10":{"start":{"line":16,"column":11},"end":{"line":16,"column":null}},"11":{"start":{"line":18,"column":34},"end":{"line":18,"column":63}},"12":{"start":{"line":18,"column":17},"end":{"line":18,"column":19}},"13":{"start":{"line":18,"column":30},"end":{"line":18,"column":34}},"14":{"start":{"line":19,"column":32},"end":{"line":19,"column":69}},"15":{"start":{"line":19,"column":16},"end":{"line":19,"column":18}},"16":{"start":{"line":19,"column":28},"end":{"line":19,"column":32}},"17":{"start":{"line":20,"column":40},"end":{"line":20,"column":77}},"18":{"start":{"line":20,"column":20},"end":{"line":20,"column":22}},"19":{"start":{"line":20,"column":36},"end":{"line":20,"column":40}},"20":{"start":{"line":22,"column":31},"end":{"line":28,"column":3}},"21":{"start":{"line":23,"column":4},"end":{"line":23,"column":23}},"22":{"start":{"line":24,"column":23},"end":{"line":24,"column":38}},"23":{"start":{"line":25,"column":4},"end":{"line":25,"column":31}},"24":{"start":{"line":26,"column":4},"end":{"line":26,"column":27}},"25":{"start":{"line":27,"column":4},"end":{"line":27,"column":31}},"26":{"start":{"line":30,"column":29},"end":{"line":33,"column":3}},"27":{"start":{"line":31,"column":20},"end":{"line":31,"column":55}},"28":{"start":{"line":32,"column":4},"end":{"line":32,"column":31}},"29":{"start":{"line":35,"column":28},"end":{"line":38,"column":3}},"30":{"start":{"line":36,"column":20},"end":{"line":36,"column":55}},"31":{"start":{"line":37,"column":4},"end":{"line":37,"column":31}},"32":{"start":{"line":40,"column":34},"end":{"line":43,"column":3}},"33":{"start":{"line":41,"column":4},"end":{"line":41,"column":28}},"34":{"start":{"line":42,"column":4},"end":{"line":42,"column":32}},"35":{"start":{"line":45,"column":2},"end":{"line":130,"column":4}},"36":{"start":{"line":66,"column":33},"end":{"line":66,"column":null}},"37":{"start":{"line":70,"column":38},"end":{"line":70,"column":null}},"38":{"start":{"line":75,"column":38},"end":{"line":75,"column":null}},"39":{"start":{"line":90,"column":33},"end":{"line":90,"column":null}},"40":{"start":{"line":95,"column":29},"end":{"line":95,"column":null}},"41":{"start":{"line":99,"column":38},"end":{"line":99,"column":null}},"42":{"start":{"line":114,"column":33},"end":{"line":114,"column":null}},"43":{"start":{"line":118,"column":38},"end":{"line":118,"column":null}},"44":{"start":{"line":133,"column":0},"end":{"line":133,"column":22}}},"fnMap":{"0":{"name":"(anonymous_2)","decl":{"start":{"line":12,"column":15},"end":{"line":12,"column":16}},"loc":{"start":{"line":17,"column":14},"end":{"line":131,"column":1}}},"1":{"name":"(anonymous_3)","decl":{"start":{"line":22,"column":31},"end":{"line":22,"column":32}},"loc":{"start":{"line":22,"column":52},"end":{"line":28,"column":3}}},"2":{"name":"(anonymous_4)","decl":{"start":{"line":30,"column":29},"end":{"line":30,"column":30}},"loc":{"start":{"line":30,"column":57},"end":{"line":33,"column":3}}},"3":{"name":"(anonymous_5)","decl":{"start":{"line":35,"column":28},"end":{"line":35,"column":29}},"loc":{"start":{"line":35,"column":65},"end":{"line":38,"column":3}}},"4":{"name":"(anonymous_6)","decl":{"start":{"line":40,"column":34},"end":{"line":40,"column":null}},"loc":{"start":{"line":40,"column":34},"end":{"line":43,"column":3}}},"5":{"name":"(anonymous_7)","decl":{"start":{"line":66,"column":22},"end":{"line":66,"column":23}},"loc":{"start":{"line":66,"column":28},"end":{"line":66,"column":51}}},"6":{"name":"(anonymous_8)","decl":{"start":{"line":70,"column":27},"end":{"line":70,"column":28}},"loc":{"start":{"line":70,"column":33},"end":{"line":70,"column":55}}},"7":{"name":"(anonymous_9)","decl":{"start":{"line":75,"column":27},"end":{"line":75,"column":28}},"loc":{"start":{"line":75,"column":33},"end":{"line":75,"column":55}}},"8":{"name":"(anonymous_10)","decl":{"start":{"line":90,"column":22},"end":{"line":90,"column":23}},"loc":{"start":{"line":90,"column":28},"end":{"line":90,"column":51}}},"9":{"name":"(anonymous_11)","decl":{"start":{"line":95,"column":22},"end":{"line":95,"column":23}},"loc":{"start":{"line":95,"column":24},"end":{"line":95,"column":47}}},"10":{"name":"(anonymous_12)","decl":{"start":{"line":99,"column":27},"end":{"line":99,"column":28}},"loc":{"start":{"line":99,"column":33},"end":{"line":99,"column":55}}},"11":{"name":"(anonymous_13)","decl":{"start":{"line":114,"column":22},"end":{"line":114,"column":23}},"loc":{"start":{"line":114,"column":28},"end":{"line":114,"column":51}}},"12":{"name":"(anonymous_14)","decl":{"start":{"line":118,"column":27},"end":{"line":118,"column":28}},"loc":{"start":{"line":118,"column":33},"end":{"line":118,"column":55}}}},"branchMap":{"0":{"loc":{"start":{"line":14,"column":18},"end":{"line":14,"column":null}},"type":"cond-expr","locations":[{"start":{"line":14,"column":21},"end":{"line":14,"column":25}},{"start":{"line":14,"column":25},"end":{"line":14,"column":null}}]},"1":{"loc":{"start":{"line":15,"column":18},"end":{"line":15,"column":null}},"type":"cond-expr","locations":[{"start":{"line":15,"column":21},"end":{"line":15,"column":34}},{"start":{"line":15,"column":34},"end":{"line":15,"column":null}}]},"2":{"loc":{"start":{"line":16,"column":11},"end":{"line":16,"column":null}},"type":"cond-expr","locations":[{"start":{"line":16,"column":14},"end":{"line":16,"column":16}},{"start":{"line":16,"column":16},"end":{"line":16,"column":null}}]},"3":{"loc":{"start":{"line":57,"column":7},"end":{"line":78,"column":null}},"type":"binary-expr","locations":[{"start":{"line":57,"column":7},"end":{"line":57,"column":34}},{"start":{"line":58,"column":8},"end":{"line":77,"column":null}}]},"4":{"loc":{"start":{"line":81,"column":7},"end":{"line":102,"column":null}},"type":"binary-expr","locations":[{"start":{"line":81,"column":7},"end":{"line":81,"column":26}},{"start":{"line":82,"column":8},"end":{"line":101,"column":null}}]},"5":{"loc":{"start":{"line":105,"column":7},"end":{"line":121,"column":null}},"type":"binary-expr","locations":[{"start":{"line":105,"column":7},"end":{"line":105,"column":28}},{"start":{"line":106,"column":8},"end":{"line":120,"column":null}}]},"6":{"loc":{"start":{"line":124,"column":7},"end":{"line":127,"column":null}},"type":"binary-expr","locations":[{"start":{"line":124,"column":7},"end":{"line":124,"column":23}},{"start":{"line":125,"column":8},"end":{"line":126,"column":null}}]}},"s":{"0":2,"1":2,"2":2,"3":2,"4":13,"5":13,"6":13,"7":13,"8":13,"9":13,"10":13,"11":13,"12":13,"13":13,"14":13,"15":13,"16":13,"17":13,"18":13,"19":13,"20":13,"21":1,"22":1,"23":1,"24":1,"25":1,"26":13,"27":0,"28":0,"29":13,"30":0,"31":0,"32":13,"33":0,"34":0,"35":13,"36":0,"37":0,"38":0,"39":0,"40":0,"41":0,"42":0,"43":0,"44":2},"f":{"0":13,"1":1,"2":0,"3":0,"4":0,"5":0,"6":0,"7":0,"8":0,"9":0,"10":0,"11":0,"12":0},"b":{"0":[13,0],"1":[13,0],"2":[13,0],"3":[13,1],"4":[13,0],"5":[13,0],"6":[13,13]}}
,"E:\\Sync\\Random\\avito-test\\src\\components\\common\\ImageUpload\\ImageUpload.tsx": {"path":"E:\\Sync\\Random\\avito-test\\src\\components\\common\\ImageUpload\\ImageUpload.tsx","statementMap":{"0":{"start":{"line":1,"column":0},"end":{"line":1,"column":44}},"1":{"start":{"line":2,"column":0},"end":{"line":2,"column":27}},"2":{"start":{"line":4,"column":20},"end":{"line":51,"column":1}},"3":{"start":{"line":4,"column":36},"end":{"line":4,"column":38}},"4":{"start":{"line":4,"column":50},"end":{"line":4,"column":52}},"5":{"start":{"line":4,"column":65},"end":{"line":4,"column":163}},"6":{"start":{"line":5,"column":28},"end":{"line":5,"column":73}},"7":{"start":{"line":5,"column":14},"end":{"line":5,"column":16}},"8":{"start":{"line":5,"column":24},"end":{"line":5,"column":28}},"9":{"start":{"line":7,"column":2},"end":{"line":13,"column":21}},"10":{"start":{"line":8,"column":4},"end":{"line":12,"column":5}},"11":{"start":{"line":9,"column":6},"end":{"line":9,"column":29}},"12":{"start":{"line":11,"column":6},"end":{"line":11,"column":21}},"13":{"start":{"line":15,"column":2},"end":{"line":19,"column":36}},"14":{"start":{"line":16,"column":4},"end":{"line":18,"column":5}},"15":{"start":{"line":17,"column":6},"end":{"line":17,"column":29}},"16":{"start":{"line":21,"column":28},"end":{"line":28,"column":3}},"17":{"start":{"line":22,"column":4},"end":{"line":27,"column":5}},"18":{"start":{"line":23,"column":19},"end":{"line":23,"column":36}},"19":{"start":{"line":24,"column":23},"end":{"line":24,"column":48}},"20":{"start":{"line":25,"column":6},"end":{"line":25,"column":25}},"21":{"start":{"line":26,"column":6},"end":{"line":26,"column":26}},"22":{"start":{"line":30,"column":28},"end":{"line":34,"column":3}},"23":{"start":{"line":31,"column":4},"end":{"line":31,"column":19}},"24":{"start":{"line":32,"column":4},"end":{"line":32,"column":24}},"25":{"start":{"line":33,"column":4},"end":{"line":33,"column":33}},"26":{"start":{"line":36,"column":2},"end":{"line":50,"column":4}},"27":{"start":{"line":53,"column":0},"end":{"line":53,"column":27}}},"fnMap":{"0":{"name":"(anonymous_0)","decl":{"start":{"line":4,"column":20},"end":{"line":4,"column":21}},"loc":{"start":{"line":4,"column":163},"end":{"line":51,"column":1}}},"1":{"name":"(anonymous_1)","decl":{"start":{"line":7,"column":12},"end":{"line":7,"column":null}},"loc":{"start":{"line":7,"column":12},"end":{"line":13,"column":3}}},"2":{"name":"(anonymous_2)","decl":{"start":{"line":15,"column":12},"end":{"line":15,"column":null}},"loc":{"start":{"line":15,"column":12},"end":{"line":19,"column":3}}},"3":{"name":"(anonymous_3)","decl":{"start":{"line":21,"column":28},"end":{"line":21,"column":29}},"loc":{"start":{"line":21,"column":67},"end":{"line":28,"column":3}}},"4":{"name":"(anonymous_4)","decl":{"start":{"line":30,"column":28},"end":{"line":30,"column":null}},"loc":{"start":{"line":30,"column":28},"end":{"line":34,"column":3}}}},"branchMap":{"0":{"loc":{"start":{"line":5,"column":52},"end":{"line":5,"column":72}},"type":"binary-expr","locations":[{"start":{"line":5,"column":52},"end":{"line":5,"column":64}},{"start":{"line":5,"column":68},"end":{"line":5,"column":72}}]},"1":{"loc":{"start":{"line":8,"column":4},"end":{"line":12,"column":5}},"type":"if","locations":[{"start":{"line":8,"column":4},"end":{"line":12,"column":5}},{"start":{"line":10,"column":11},"end":{"line":12,"column":5}}]},"2":{"loc":{"start":{"line":16,"column":4},"end":{"line":18,"column":5}},"type":"if","locations":[{"start":{"line":16,"column":4},"end":{"line":18,"column":5}}]},"3":{"loc":{"start":{"line":16,"column":8},"end":{"line":16,"column":37}},"type":"binary-expr","locations":[{"start":{"line":16,"column":8},"end":{"line":16,"column":21}},{"start":{"line":16,"column":25},"end":{"line":16,"column":37}}]},"4":{"loc":{"start":{"line":22,"column":4},"end":{"line":27,"column":5}},"type":"if","locations":[{"start":{"line":22,"column":4},"end":{"line":27,"column":5}}]},"5":{"loc":{"start":{"line":22,"column":8},"end":{"line":22,"column":43}},"type":"binary-expr","locations":[{"start":{"line":22,"column":8},"end":{"line":22,"column":22}},{"start":{"line":22,"column":26},"end":{"line":22,"column":43}}]},"6":{"loc":{"start":{"line":38,"column":7},"end":{"line":47,"column":null}},"type":"cond-expr","locations":[{"start":{"line":39,"column":8},"end":{"line":41,"column":null}},{"start":{"line":44,"column":8},"end":{"line":45,"column":null}}]}},"s":{"0":3,"1":3,"2":3,"3":6,"4":6,"5":6,"6":6,"7":6,"8":6,"9":6,"10":2,"11":1,"12":1,"13":6,"14":2,"15":0,"16":6,"17":1,"18":1,"19":1,"20":1,"21":1,"22":6,"23":1,"24":1,"25":1,"26":6,"27":3},"f":{"0":6,"1":2,"2":2,"3":1,"4":1},"b":{"0":[6,3],"1":[1,1],"2":[0],"3":[2,0],"4":[1],"5":[1,1],"6":[3,3]}}
,"E:\\Sync\\Random\\avito-test\\src\\components\\common\\Loader\\Loader.tsx": {"path":"E:\\Sync\\Random\\avito-test\\src\\components\\common\\Loader\\Loader.tsx","statementMap":{"0":{"start":{"line":1,"column":0},"end":{"line":1,"column":22}},"1":{"start":{"line":3,"column":15},"end":{"line":5,"column":1}},"2":{"start":{"line":4,"column":2},"end":{"line":4,"column":61}},"3":{"start":{"line":7,"column":0},"end":{"line":7,"column":22}}},"fnMap":{"0":{"name":"(anonymous_0)","decl":{"start":{"line":3,"column":15},"end":{"line":3,"column":null}},"loc":{"start":{"line":3,"column":15},"end":{"line":5,"column":1}}}},"branchMap":{},"s":{"0":3,"1":3,"2":5,"3":3},"f":{"0":5},"b":{}}
,"E:\\Sync\\Random\\avito-test\\src\\components\\common\\Pagination\\Pagination.tsx": {"path":"E:\\Sync\\Random\\avito-test\\src\\components\\common\\Pagination\\Pagination.tsx","statementMap":{"0":{"start":{"line":1,"column":0},"end":{"line":1,"column":26}},"1":{"start":{"line":10,"column":19},"end":{"line":44,"column":1}},"2":{"start":{"line":11,"column":13},"end":{"line":11,"column":null}},"3":{"start":{"line":12,"column":12},"end":{"line":12,"column":null}},"4":{"start":{"line":13,"column":14},"end":{"line":13,"column":null}},"5":{"start":{"line":14,"column":2},"end":{"line":14,"column":10}},"6":{"start":{"line":14,"column":10},"end":{"line":14,"column":null}},"7":{"start":{"line":16,"column":2},"end":{"line":43,"column":4}},"8":{"start":{"line":21,"column":23},"end":{"line":21,"column":null}},"9":{"start":{"line":25,"column":52},"end":{"line":34,"column":8}},"10":{"start":{"line":29,"column":25},"end":{"line":29,"column":null}},"11":{"start":{"line":38,"column":23},"end":{"line":38,"column":null}},"12":{"start":{"line":46,"column":0},"end":{"line":46,"column":26}}},"fnMap":{"0":{"name":"(anonymous_0)","decl":{"start":{"line":10,"column":19},"end":{"line":10,"column":20}},"loc":{"start":{"line":15,"column":18},"end":{"line":44,"column":1}}},"1":{"name":"(anonymous_1)","decl":{"start":{"line":21,"column":17},"end":{"line":21,"column":23}},"loc":{"start":{"line":21,"column":17},"end":{"line":21,"column":35}}},"2":{"name":"(anonymous_2)","decl":{"start":{"line":25,"column":42},"end":{"line":25,"column":43}},"loc":{"start":{"line":25,"column":47},"end":{"line":25,"column":null}}},"3":{"name":"(anonymous_3)","decl":{"start":{"line":29,"column":19},"end":{"line":29,"column":25}},"loc":{"start":{"line":29,"column":19},"end":{"line":29,"column":37}}},"4":{"name":"(anonymous_4)","decl":{"start":{"line":38,"column":17},"end":{"line":38,"column":23}},"loc":{"start":{"line":38,"column":17},"end":{"line":38,"column":35}}}},"branchMap":{"0":{"loc":{"start":{"line":14,"column":10},"end":{"line":14,"column":null}},"type":"cond-expr","locations":[{"start":{"line":14,"column":13},"end":{"line":14,"column":18}},{"start":{"line":14,"column":18},"end":{"line":14,"column":null}}]},"1":{"loc":{"start":{"line":20,"column":18},"end":{"line":20,"column":47}},"type":"binary-expr","locations":[{"start":{"line":20,"column":18},"end":{"line":20,"column":35}},{"start":{"line":20,"column":39},"end":{"line":20,"column":47}}]},"2":{"loc":{"start":{"line":28,"column":42},"end":{"line":28,"column":79}},"type":"cond-expr","locations":[{"start":{"line":28,"column":66},"end":{"line":28,"column":74}},{"start":{"line":28,"column":77},"end":{"line":28,"column":79}}]},"3":{"loc":{"start":{"line":37,"column":18},"end":{"line":37,"column":56}},"type":"binary-expr","locations":[{"start":{"line":37,"column":18},"end":{"line":37,"column":44}},{"start":{"line":37,"column":48},"end":{"line":37,"column":56}}]}},"s":{"0":2,"1":2,"2":7,"3":7,"4":7,"5":7,"6":7,"7":7,"8":0,"9":3,"10":0,"11":0,"12":2},"f":{"0":7,"1":0,"2":3,"3":0,"4":0},"b":{"0":[0,7],"1":[7,0],"2":[3,0],"3":[7,4]}}
,"E:\\Sync\\Random\\avito-test\\src\\components\\common\\RangeSelector\\RangeSelector.tsx": {"path":"E:\\Sync\\Random\\avito-test\\src\\components\\common\\RangeSelector\\RangeSelector.tsx","statementMap":{"0":{"start":{"line":1,"column":0},"end":{"line":1,"column":40}},"1":{"start":{"line":2,"column":0},"end":{"line":2,"column":29}},"2":{"start":{"line":10,"column":22},"end":{"line":44,"column":1}},"3":{"start":{"line":10,"column":36},"end":{"line":10,"column":38}},"4":{"start":{"line":10,"column":51},"end":{"line":10,"column":53}},"5":{"start":{"line":10,"column":53},"end":{"line":10,"column":58}},"6":{"start":{"line":10,"column":58},"end":{"line":10,"column":90}},"7":{"start":{"line":11,"column":24},"end":{"line":11,"column":49}},"8":{"start":{"line":11,"column":12},"end":{"line":11,"column":14}},"9":{"start":{"line":11,"column":20},"end":{"line":11,"column":24}},"10":{"start":{"line":12,"column":24},"end":{"line":12,"column":49}},"11":{"start":{"line":12,"column":12},"end":{"line":12,"column":14}},"12":{"start":{"line":12,"column":20},"end":{"line":12,"column":24}},"13":{"start":{"line":14,"column":26},"end":{"line":18,"column":3}},"14":{"start":{"line":15,"column":18},"end":{"line":15,"column":64}},"15":{"start":{"line":16,"column":4},"end":{"line":16,"column":18}},"16":{"start":{"line":17,"column":4},"end":{"line":17,"column":52}},"17":{"start":{"line":20,"column":26},"end":{"line":24,"column":3}},"18":{"start":{"line":21,"column":18},"end":{"line":21,"column":64}},"19":{"start":{"line":22,"column":4},"end":{"line":22,"column":18}},"20":{"start":{"line":23,"column":4},"end":{"line":23,"column":52}},"21":{"start":{"line":26,"column":2},"end":{"line":43,"column":4}},"22":{"start":{"line":46,"column":0},"end":{"line":46,"column":29}}},"fnMap":{"0":{"name":"(anonymous_0)","decl":{"start":{"line":10,"column":22},"end":{"line":10,"column":23}},"loc":{"start":{"line":10,"column":90},"end":{"line":44,"column":1}}},"1":{"name":"(anonymous_1)","decl":{"start":{"line":14,"column":26},"end":{"line":14,"column":27}},"loc":{"start":{"line":14,"column":65},"end":{"line":18,"column":3}}},"2":{"name":"(anonymous_2)","decl":{"start":{"line":20,"column":26},"end":{"line":20,"column":27}},"loc":{"start":{"line":20,"column":65},"end":{"line":24,"column":3}}}},"branchMap":{"0":{"loc":{"start":{"line":10,"column":58},"end":{"line":10,"column":90}},"type":"cond-expr","locations":[{"start":{"line":10,"column":61},"end":{"line":10,"column":68}},{"start":{"line":10,"column":68},"end":{"line":10,"column":90}}]},"1":{"loc":{"start":{"line":15,"column":18},"end":{"line":15,"column":64}},"type":"cond-expr","locations":[{"start":{"line":15,"column":35},"end":{"line":15,"column":59}},{"start":{"line":15,"column":62},"end":{"line":15,"column":64}}]},"2":{"loc":{"start":{"line":21,"column":18},"end":{"line":21,"column":64}},"type":"cond-expr","locations":[{"start":{"line":21,"column":35},"end":{"line":21,"column":59}},{"start":{"line":21,"column":62},"end":{"line":21,"column":64}}]}},"s":{"0":3,"1":3,"2":3,"3":5,"4":5,"5":5,"6":5,"7":5,"8":5,"9":5,"10":5,"11":5,"12":5,"13":5,"14":1,"15":1,"16":1,"17":5,"18":1,"19":1,"20":1,"21":5,"22":3},"f":{"0":5,"1":1,"2":1},"b":{"0":[3,2],"1":[1,0],"2":[1,0]}}
,"E:\\Sync\\Random\\avito-test\\src\\components\\common\\Search\\Search.tsx": {"path":"E:\\Sync\\Random\\avito-test\\src\\components\\common\\Search\\Search.tsx","statementMap":{"0":{"start":{"line":1,"column":0},"end":{"line":1,"column":53}},"1":{"start":{"line":2,"column":0},"end":{"line":2,"column":23}},"2":{"start":{"line":3,"column":0},"end":{"line":3,"column":38}},"3":{"start":{"line":13,"column":15},"end":{"line":35,"column":1}},"4":{"start":{"line":14,"column":2},"end":{"line":14,"column":13}},"5":{"start":{"line":14,"column":13},"end":{"line":14,"column":null}},"6":{"start":{"line":15,"column":10},"end":{"line":15,"column":null}},"7":{"start":{"line":16,"column":2},"end":{"line":16,"column":18}},"8":{"start":{"line":16,"column":18},"end":{"line":16,"column":null}},"9":{"start":{"line":17,"column":2},"end":{"line":17,"column":18}},"10":{"start":{"line":17,"column":18},"end":{"line":17,"column":null}},"11":{"start":{"line":18,"column":2},"end":{"line":18,"column":11}},"12":{"start":{"line":18,"column":11},"end":{"line":18,"column":null}},"13":{"start":{"line":20,"column":28},"end":{"line":20,"column":40}},"14":{"start":{"line":20,"column":14},"end":{"line":20,"column":16}},"15":{"start":{"line":20,"column":24},"end":{"line":20,"column":28}},"16":{"start":{"line":22,"column":2},"end":{"line":34,"column":4}},"17":{"start":{"line":28,"column":56},"end":{"line":28,"column":null}},"18":{"start":{"line":31,"column":31},"end":{"line":31,"column":49}},"19":{"start":{"line":37,"column":0},"end":{"line":37,"column":22}}},"fnMap":{"0":{"name":"(anonymous_0)","decl":{"start":{"line":13,"column":15},"end":{"line":13,"column":16}},"loc":{"start":{"line":19,"column":17},"end":{"line":35,"column":1}}},"1":{"name":"(anonymous_1)","decl":{"start":{"line":28,"column":18},"end":{"line":28,"column":19}},"loc":{"start":{"line":28,"column":51},"end":{"line":28,"column":64}}},"2":{"name":"(anonymous_2)","decl":{"start":{"line":31,"column":25},"end":{"line":31,"column":31}},"loc":{"start":{"line":31,"column":25},"end":{"line":31,"column":39}}}},"branchMap":{"0":{"loc":{"start":{"line":14,"column":13},"end":{"line":14,"column":null}},"type":"cond-expr","locations":[{"start":{"line":14,"column":16},"end":{"line":14,"column":26}},{"start":{"line":14,"column":26},"end":{"line":14,"column":null}}]},"1":{"loc":{"start":{"line":16,"column":18},"end":{"line":16,"column":null}},"type":"cond-expr","locations":[{"start":{"line":16,"column":21},"end":{"line":16,"column":25}},{"start":{"line":16,"column":25},"end":{"line":16,"column":null}}]},"2":{"loc":{"start":{"line":17,"column":18},"end":{"line":17,"column":null}},"type":"cond-expr","locations":[{"start":{"line":17,"column":21},"end":{"line":17,"column":28}},{"start":{"line":17,"column":28},"end":{"line":17,"column":null}}]},"3":{"loc":{"start":{"line":18,"column":11},"end":{"line":18,"column":null}},"type":"cond-expr","locations":[{"start":{"line":18,"column":14},"end":{"line":18,"column":16}},{"start":{"line":18,"column":16},"end":{"line":18,"column":null}}]},"4":{"loc":{"start":{"line":30,"column":7},"end":{"line":31,"column":null}},"type":"binary-expr","locations":[{"start":{"line":30,"column":7},"end":{"line":30,"column":23}},{"start":{"line":31,"column":8},"end":{"line":31,"column":75}}]}},"s":{"0":2,"1":2,"2":2,"3":2,"4":11,"5":11,"6":11,"7":11,"8":11,"9":11,"10":11,"11":11,"12":11,"13":11,"14":11,"15":11,"16":11,"17":0,"18":0,"19":2},"f":{"0":11,"1":0,"2":0},"b":{"0":[11,0],"1":[11,0],"2":[11,0],"3":[11,0],"4":[11,11]}}
,"E:\\Sync\\Random\\avito-test\\src\\components\\pages\\AdListPage\\AdListPage.tsx": {"path":"E:\\Sync\\Random\\avito-test\\src\\components\\pages\\AdListPage\\AdListPage.tsx","statementMap":{"0":{"start":{"line":1,"column":0},"end":{"line":1,"column":51}},"1":{"start":{"line":2,"column":0},"end":{"line":2,"column":26}},"2":{"start":{"line":3,"column":0},"end":{"line":3,"column":74}},"3":{"start":{"line":4,"column":0},"end":{"line":4,"column":48}},"4":{"start":{"line":5,"column":0},"end":{"line":5,"column":47}},"5":{"start":{"line":7,"column":0},"end":{"line":7,"column":47}},"6":{"start":{"line":9,"column":19},"end":{"line":107,"column":1}},"7":{"start":{"line":10,"column":24},"end":{"line":10,"column":42}},"8":{"start":{"line":10,"column":12},"end":{"line":10,"column":14}},"9":{"start":{"line":10,"column":20},"end":{"line":10,"column":24}},"10":{"start":{"line":11,"column":40},"end":{"line":11,"column":58}},"11":{"start":{"line":11,"column":20},"end":{"line":11,"column":22}},"12":{"start":{"line":11,"column":36},"end":{"line":11,"column":40}},"13":{"start":{"line":12,"column":40},"end":{"line":12,"column":52}},"14":{"start":{"line":12,"column":20},"end":{"line":12,"column":22}},"15":{"start":{"line":12,"column":36},"end":{"line":12,"column":40}},"16":{"start":{"line":13,"column":32},"end":{"line":13,"column":65}},"17":{"start":{"line":13,"column":16},"end":{"line":13,"column":18}},"18":{"start":{"line":13,"column":28},"end":{"line":13,"column":32}},"19":{"start":{"line":14,"column":40},"end":{"line":14,"column":51}},"20":{"start":{"line":14,"column":20},"end":{"line":14,"column":22}},"21":{"start":{"line":14,"column":36},"end":{"line":14,"column":40}},"22":{"start":{"line":15,"column":36},"end":{"line":15,"column":51}},"23":{"start":{"line":15,"column":18},"end":{"line":15,"column":20}},"24":{"start":{"line":15,"column":32},"end":{"line":15,"column":36}},"25":{"start":{"line":17,"column":21},"end":{"line":17,"column":22}},"26":{"start":{"line":18,"column":19},"end":{"line":18,"column":32}},"27":{"start":{"line":20,"column":2},"end":{"line":33,"column":9}},"28":{"start":{"line":21,"column":4},"end":{"line":21,"column":23}},"29":{"start":{"line":22,"column":4},"end":{"line":32,"column":9}},"30":{"start":{"line":24,"column":8},"end":{"line":24,"column":21}},"31":{"start":{"line":25,"column":8},"end":{"line":25,"column":29}},"32":{"start":{"line":28,"column":8},"end":{"line":28,"column":56}},"33":{"start":{"line":31,"column":8},"end":{"line":31,"column":28}},"34":{"start":{"line":35,"column":2},"end":{"line":64,"column":34}},"35":{"start":{"line":36,"column":25},"end":{"line":50,"column":5}},"36":{"start":{"line":37,"column":6},"end":{"line":49,"column":9}},"37":{"start":{"line":38,"column":8},"end":{"line":48,"column":11}},"38":{"start":{"line":39,"column":10},"end":{"line":46,"column":11}},"39":{"start":{"line":40,"column":31},"end":{"line":40,"column":43}},"40":{"start":{"line":40,"column":22},"end":{"line":40,"column":24}},"41":{"start":{"line":40,"column":27},"end":{"line":40,"column":31}},"42":{"start":{"line":41,"column":29},"end":{"line":41,"column":49}},"43":{"start":{"line":42,"column":29},"end":{"line":42,"column":55}},"44":{"start":{"line":43,"column":12},"end":{"line":43,"column":62}},"45":{"start":{"line":44,"column":17},"end":{"line":46,"column":11}},"46":{"start":{"line":45,"column":12},"end":{"line":45,"column":44}},"47":{"start":{"line":47,"column":10},"end":{"line":47,"column":22}},"48":{"start":{"line":52,"column":18},"end":{"line":52,"column":29}},"49":{"start":{"line":54,"column":4},"end":{"line":58,"column":5}},"50":{"start":{"line":55,"column":6},"end":{"line":57,"column":8}},"51":{"start":{"line":56,"column":8},"end":{"line":56,"column":null}},"52":{"start":{"line":60,"column":4},"end":{"line":60,"column":51}},"53":{"start":{"line":62,"column":4},"end":{"line":62,"column":31}},"54":{"start":{"line":63,"column":4},"end":{"line":63,"column":22}},"55":{"start":{"line":66,"column":24},"end":{"line":66,"column":48}},"56":{"start":{"line":67,"column":25},"end":{"line":67,"column":51}},"57":{"start":{"line":68,"column":21},"end":{"line":68,"column":69}},"58":{"start":{"line":70,"column":2},"end":{"line":106,"column":4}},"59":{"start":{"line":81,"column":25},"end":{"line":81,"column":null}},"60":{"start":{"line":93,"column":36},"end":{"line":95,"column":14}},"61":{"start":{"line":109,"column":0},"end":{"line":109,"column":26}}},"fnMap":{"0":{"name":"(anonymous_4)","decl":{"start":{"line":9,"column":19},"end":{"line":9,"column":null}},"loc":{"start":{"line":9,"column":19},"end":{"line":107,"column":1}}},"1":{"name":"(anonymous_5)","decl":{"start":{"line":20,"column":12},"end":{"line":20,"column":null}},"loc":{"start":{"line":20,"column":12},"end":{"line":33,"column":3}}},"2":{"name":"(anonymous_6)","decl":{"start":{"line":23,"column":12},"end":{"line":23,"column":13}},"loc":{"start":{"line":23,"column":17},"end":{"line":26,"column":7}}},"3":{"name":"(anonymous_7)","decl":{"start":{"line":27,"column":13},"end":{"line":27,"column":14}},"loc":{"start":{"line":27,"column":15},"end":{"line":29,"column":7}}},"4":{"name":"(anonymous_8)","decl":{"start":{"line":30,"column":15},"end":{"line":30,"column":null}},"loc":{"start":{"line":30,"column":15},"end":{"line":32,"column":7}}},"5":{"name":"(anonymous_9)","decl":{"start":{"line":35,"column":12},"end":{"line":35,"column":null}},"loc":{"start":{"line":35,"column":12},"end":{"line":64,"column":3}}},"6":{"name":"(anonymous_10)","decl":{"start":{"line":36,"column":25},"end":{"line":36,"column":26}},"loc":{"start":{"line":36,"column":65},"end":{"line":50,"column":5}}},"7":{"name":"(anonymous_11)","decl":{"start":{"line":37,"column":24},"end":{"line":37,"column":25}},"loc":{"start":{"line":37,"column":27},"end":{"line":49,"column":7}}},"8":{"name":"(anonymous_12)","decl":{"start":{"line":38,"column":42},"end":{"line":38,"column":43}},"loc":{"start":{"line":38,"column":46},"end":{"line":48,"column":9}}},"9":{"name":"(anonymous_13)","decl":{"start":{"line":55,"column":37},"end":{"line":55,"column":38}},"loc":{"start":{"line":55,"column":40},"end":{"line":56,"column":10}}},"10":{"name":"(anonymous_14)","decl":{"start":{"line":81,"column":19},"end":{"line":81,"column":25}},"loc":{"start":{"line":81,"column":19},"end":{"line":81,"column":33}}},"11":{"name":"(anonymous_15)","decl":{"start":{"line":93,"column":28},"end":{"line":93,"column":29}},"loc":{"start":{"line":93,"column":31},"end":{"line":93,"column":null}}}},"branchMap":{"0":{"loc":{"start":{"line":39,"column":10},"end":{"line":46,"column":11}},"type":"if","locations":[{"start":{"line":39,"column":10},"end":{"line":46,"column":11}},{"start":{"line":44,"column":17},"end":{"line":46,"column":11}}]},"1":{"loc":{"start":{"line":39,"column":14},"end":{"line":39,"column":57}},"type":"binary-expr","locations":[{"start":{"line":39,"column":14},"end":{"line":39,"column":26}},{"start":{"line":39,"column":30},"end":{"line":39,"column":57}}]},"2":{"loc":{"start":{"line":41,"column":29},"end":{"line":41,"column":49}},"type":"cond-expr","locations":[{"start":{"line":41,"column":42},"end":{"line":41,"column":45}},{"start":{"line":41,"column":48},"end":{"line":41,"column":49}}]},"3":{"loc":{"start":{"line":42,"column":29},"end":{"line":42,"column":55}},"type":"cond-expr","locations":[{"start":{"line":42,"column":42},"end":{"line":42,"column":45}},{"start":{"line":42,"column":48},"end":{"line":42,"column":55}}]},"4":{"loc":{"start":{"line":43,"column":19},"end":{"line":43,"column":61}},"type":"binary-expr","locations":[{"start":{"line":43,"column":19},"end":{"line":43,"column":38}},{"start":{"line":43,"column":42},"end":{"line":43,"column":61}}]},"5":{"loc":{"start":{"line":44,"column":17},"end":{"line":46,"column":11}},"type":"if","locations":[{"start":{"line":44,"column":17},"end":{"line":46,"column":11}}]},"6":{"loc":{"start":{"line":54,"column":4},"end":{"line":58,"column":5}},"type":"if","locations":[{"start":{"line":54,"column":4},"end":{"line":58,"column":5}}]},"7":{"loc":{"start":{"line":88,"column":7},"end":{"line":103,"column":null}},"type":"cond-expr","locations":[{"start":{"line":89,"column":8},"end":{"line":89,"column":18}},{"start":{"line":91,"column":8},"end":{"line":102,"column":null}}]}},"s":{"0":1,"1":1,"2":1,"3":1,"4":1,"5":1,"6":1,"7":11,"8":11,"9":11,"10":11,"11":11,"12":11,"13":11,"14":11,"15":11,"16":11,"17":11,"18":11,"19":11,"20":11,"21":11,"22":11,"23":11,"24":11,"25":11,"26":11,"27":11,"28":4,"29":4,"30":4,"31":4,"32":0,"33":4,"34":11,"35":7,"36":7,"37":6,"38":0,"39":0,"40":0,"41":0,"42":0,"43":0,"44":0,"45":0,"46":0,"47":0,"48":7,"49":7,"50":0,"51":0,"52":7,"53":7,"54":7,"55":11,"56":11,"57":11,"58":11,"59":0,"60":6,"61":1},"f":{"0":11,"1":4,"2":4,"3":0,"4":4,"5":7,"6":7,"7":6,"8":0,"9":0,"10":0,"11":6},"b":{"0":[0,0],"1":[0,0],"2":[0,0],"3":[0,0],"4":[0,0],"5":[0],"6":[0],"7":[4,7]}}
,"E:\\Sync\\Random\\avito-test\\src\\components\\pages\\AdListPage\\components\\AdCard\\AdCard.tsx": {"path":"E:\\Sync\\Random\\avito-test\\src\\components\\pages\\AdListPage\\components\\AdCard\\AdCard.tsx","statementMap":{"0":{"start":{"line":1,"column":0},"end":{"line":1,"column":47}},"1":{"start":{"line":2,"column":0},"end":{"line":2,"column":22}},"2":{"start":{"line":3,"column":0},"end":{"line":3,"column":54}},"3":{"start":{"line":10,"column":15},"end":{"line":30,"column":1}},"4":{"start":{"line":10,"column":20},"end":{"line":10,"column":22}},"5":{"start":{"line":10,"column":26},"end":{"line":10,"column":28}},"6":{"start":{"line":10,"column":36},"end":{"line":10,"column":38}},"7":{"start":{"line":10,"column":42},"end":{"line":10,"column":44}},"8":{"start":{"line":10,"column":49},"end":{"line":10,"column":51}},"9":{"start":{"line":10,"column":56},"end":{"line":10,"column":58}},"10":{"start":{"line":10,"column":58},"end":{"line":10,"column":67}},"11":{"start":{"line":10,"column":67},"end":{"line":10,"column":87}},"12":{"start":{"line":11,"column":19},"end":{"line":11,"column":32}},"13":{"start":{"line":12,"column":0},"end":{"line":12,"column":null}},"14":{"start":{"line":13,"column":2},"end":{"line":29,"column":4}},"15":{"start":{"line":26,"column":31},"end":{"line":26,"column":72}},"16":{"start":{"line":32,"column":0},"end":{"line":32,"column":22}}},"fnMap":{"0":{"name":"(anonymous_1)","decl":{"start":{"line":10,"column":15},"end":{"line":10,"column":16}},"loc":{"start":{"line":10,"column":87},"end":{"line":30,"column":1}}},"1":{"name":"(anonymous_2)","decl":{"start":{"line":26,"column":25},"end":{"line":26,"column":31}},"loc":{"start":{"line":26,"column":25},"end":{"line":26,"column":39}}}},"branchMap":{"0":{"loc":{"start":{"line":10,"column":67},"end":{"line":10,"column":87}},"type":"cond-expr","locations":[{"start":{"line":10,"column":70},"end":{"line":10,"column":72}},{"start":{"line":10,"column":72},"end":{"line":10,"column":87}}]},"1":{"loc":{"start":{"line":16,"column":9},"end":{"line":19,"column":null}},"type":"cond-expr","locations":[{"start":{"line":17,"column":10},"end":{"line":17,"column":66}},{"start":{"line":19,"column":10},"end":{"line":19,"column":73}}]},"2":{"loc":{"start":{"line":16,"column":9},"end":{"line":16,"column":33}},"type":"binary-expr","locations":[{"start":{"line":16,"column":9},"end":{"line":16,"column":14}},{"start":{"line":16,"column":18},"end":{"line":16,"column":33}}]}},"s":{"0":2,"1":2,"2":2,"3":2,"4":7,"5":7,"6":7,"7":7,"8":7,"9":7,"10":7,"11":7,"12":7,"13":7,"14":7,"15":0,"16":2},"f":{"0":7,"1":0},"b":{"0":[7,0],"1":[0,7],"2":[7,0]}}
,"E:\\Sync\\Random\\avito-test\\src\\services\\api.ts": {"path":"E:\\Sync\\Random\\avito-test\\src\\services\\api.ts","statementMap":{"0":{"start":{"line":1,"column":0},"end":{"line":1,"column":26}},"1":{"start":{"line":4,"column":21},"end":{"line":4,"column":50}},"2":{"start":{"line":6,"column":18},"end":{"line":11,"column":2}},"3":{"start":{"line":13,"column":22},"end":{"line":16,"column":2}},"4":{"start":{"line":14,"column":19},"end":{"line":14,"column":null}},"5":{"start":{"line":14,"column":8},"end":{"line":14,"column":null}},"6":{"start":{"line":15,"column":2},"end":{"line":15,"column":23}},"7":{"start":{"line":13,"column":13},"end":{"line":13,"column":22}},"8":{"start":{"line":18,"column":25},"end":{"line":21,"column":2}},"9":{"start":{"line":18,"column":42},"end":{"line":21,"column":2}},"10":{"start":{"line":19,"column":19},"end":{"line":19,"column":null}},"11":{"start":{"line":19,"column":8},"end":{"line":19,"column":null}},"12":{"start":{"line":20,"column":2},"end":{"line":20,"column":23}},"13":{"start":{"line":18,"column":13},"end":{"line":18,"column":25}},"14":{"start":{"line":23,"column":24},"end":{"line":26,"column":2}},"15":{"start":{"line":23,"column":47},"end":{"line":26,"column":2}},"16":{"start":{"line":24,"column":19},"end":{"line":24,"column":null}},"17":{"start":{"line":24,"column":8},"end":{"line":24,"column":null}},"18":{"start":{"line":25,"column":2},"end":{"line":25,"column":23}},"19":{"start":{"line":23,"column":13},"end":{"line":23,"column":24}},"20":{"start":{"line":28,"column":24},"end":{"line":31,"column":2}},"21":{"start":{"line":28,"column":59},"end":{"line":31,"column":2}},"22":{"start":{"line":29,"column":19},"end":{"line":29,"column":null}},"23":{"start":{"line":29,"column":8},"end":{"line":29,"column":null}},"24":{"start":{"line":30,"column":2},"end":{"line":30,"column":23}},"25":{"start":{"line":28,"column":13},"end":{"line":28,"column":24}},"26":{"start":{"line":33,"column":24},"end":{"line":35,"column":2}},"27":{"start":{"line":33,"column":41},"end":{"line":35,"column":2}},"28":{"start":{"line":34,"column":2},"end":{"line":34,"column":35}},"29":{"start":{"line":33,"column":13},"end":{"line":33,"column":24}}},"fnMap":{"0":{"name":"(anonymous_14)","decl":{"start":{"line":13,"column":22},"end":{"line":13,"column":null}},"loc":{"start":{"line":13,"column":22},"end":{"line":16,"column":2}}},"1":{"name":"(anonymous_17)","decl":{"start":{"line":18,"column":25},"end":{"line":18,"column":32}},"loc":{"start":{"line":18,"column":42},"end":{"line":21,"column":2}}},"2":{"name":"(anonymous_18)","decl":{"start":{"line":18,"column":42},"end":{"line":18,"column":null}},"loc":{"start":{"line":18,"column":42},"end":{"line":21,"column":2}}},"3":{"name":"(anonymous_20)","decl":{"start":{"line":23,"column":24},"end":{"line":23,"column":31}},"loc":{"start":{"line":23,"column":47},"end":{"line":26,"column":2}}},"4":{"name":"(anonymous_21)","decl":{"start":{"line":23,"column":47},"end":{"line":23,"column":null}},"loc":{"start":{"line":23,"column":47},"end":{"line":26,"column":2}}},"5":{"name":"(anonymous_23)","decl":{"start":{"line":28,"column":24},"end":{"line":28,"column":31}},"loc":{"start":{"line":28,"column":59},"end":{"line":31,"column":2}}},"6":{"name":"(anonymous_24)","decl":{"start":{"line":28,"column":59},"end":{"line":28,"column":null}},"loc":{"start":{"line":28,"column":59},"end":{"line":31,"column":2}}},"7":{"name":"(anonymous_26)","decl":{"start":{"line":33,"column":24},"end":{"line":33,"column":31}},"loc":{"start":{"line":33,"column":41},"end":{"line":35,"column":2}}},"8":{"name":"(anonymous_27)","decl":{"start":{"line":33,"column":41},"end":{"line":33,"column":null}},"loc":{"start":{"line":33,"column":41},"end":{"line":35,"column":2}}}},"branchMap":{"0":{"loc":{"start":{"line":14,"column":19},"end":{"line":14,"column":null}},"type":"switch","locations":[{"start":{"line":14,"column":19},"end":{"line":14,"column":null}}]},"1":{"loc":{"start":{"line":19,"column":19},"end":{"line":19,"column":null}},"type":"switch","locations":[{"start":{"line":19,"column":19},"end":{"line":19,"column":null}}]},"2":{"loc":{"start":{"line":24,"column":19},"end":{"line":24,"column":null}},"type":"switch","locations":[{"start":{"line":24,"column":19},"end":{"line":24,"column":null}}]},"3":{"loc":{"start":{"line":29,"column":19},"end":{"line":29,"column":null}},"type":"switch","locations":[{"start":{"line":29,"column":19},"end":{"line":29,"column":null}}]},"4":{"loc":{"start":{"line":34,"column":2},"end":{"line":34,"column":35}},"type":"switch","locations":[{"start":{"line":34,"column":2},"end":{"line":34,"column":35}}]}},"s":{"0":1,"1":1,"2":1,"3":1,"4":0,"5":0,"6":0,"7":1,"8":1,"9":0,"10":0,"11":0,"12":0,"13":1,"14":1,"15":0,"16":0,"17":0,"18":0,"19":1,"20":1,"21":0,"22":0,"23":0,"24":0,"25":1,"26":1,"27":0,"28":0,"29":1},"f":{"0":0,"1":0,"2":0,"3":0,"4":0,"5":0,"6":0,"7":0,"8":0},"b":{"0":[0],"1":[0],"2":[0],"3":[0],"4":[0]}}
}
