TN:
SF:jest\styleMock.js
FNF:0
FNH:0
DA:1,8
LF:1
LH:1
BRF:0
BRH:0
end_of_record
TN:
SF:src\components\common\index.ts
FN:1,(anonymous_1)
FN:2,(anonymous_2)
FN:3,(anonymous_3)
FN:4,(anonymous_4)
FN:5,(anonymous_5)
FN:6,(anonymous_6)
FN:7,(anonymous_7)
FN:8,(anonymous_8)
FN:9,(anonymous_9)
FNF:9
FNH:7
FNDA:11,(anonymous_1)
FNDA:7,(anonymous_2)
FNDA:4,(anonymous_3)
FNDA:11,(anonymous_4)
FNDA:14,(anonymous_5)
FNDA:0,(anonymous_6)
FNDA:35,(anonymous_7)
FNDA:2,(anonymous_8)
FNDA:0,(anonymous_9)
DA:1,13
DA:2,9
DA:3,6
DA:4,13
DA:5,16
DA:6,2
DA:7,37
DA:8,4
DA:9,2
LF:9
LH:9
BRF:0
BRH:0
end_of_record
TN:
SF:src\components\common\Alert\Alert.tsx
FN:10,(anonymous_0)
FN:14,(anonymous_1)
FN:16,(anonymous_2)
FN:20,(anonymous_3)
FN:23,(anonymous_4)
FN:25,(anonymous_5)
FN:30,(anonymous_6)
FN:34,(anonymous_7)
FNF:8
FNH:0
FNDA:0,(anonymous_0)
FNDA:0,(anonymous_1)
FNDA:0,(anonymous_2)
FNDA:0,(anonymous_3)
FNDA:0,(anonymous_4)
FNDA:0,(anonymous_5)
FNDA:0,(anonymous_6)
FNDA:0,(anonymous_7)
DA:1,2
DA:2,2
DA:10,2
DA:11,0
DA:12,0
DA:14,0
DA:15,0
DA:16,0
DA:17,0
DA:20,0
DA:23,0
DA:24,0
DA:25,0
DA:26,0
DA:27,0
DA:30,0
DA:34,0
DA:35,0
DA:36,0
DA:37,0
DA:41,0
DA:49,2
LF:22
LH:4
BRDA:24,0,0,0
BRDA:27,1,0,0
BRDA:27,1,1,0
BRDA:35,2,0,0
BRDA:37,3,0,0
BRDA:37,3,1,0
BRDA:42,4,0,0
BRDA:42,4,1,0
BRF:8
BRH:0
end_of_record
TN:
SF:src\components\common\Button\Button.tsx
FN:10,(anonymous_3)
FNF:1
FNH:1
FNDA:43,(anonymous_3)
DA:2,4
DA:10,4
DA:11,43
DA:12,43
DA:13,43
DA:14,43
DA:15,43
DA:16,43
DA:18,43
DA:27,4
LF:10
LH:10
BRDA:11,0,0,32
BRDA:11,0,1,11
BRDA:12,1,0,32
BRDA:12,1,1,11
BRDA:13,2,0,32
BRDA:13,2,1,11
BRDA:14,3,0,19
BRDA:14,3,1,24
BRF:8
BRH:8
end_of_record
TN:
SF:src\components\common\DropDown\DropDown.tsx
FN:14,(anonymous_0)
FN:26,(anonymous_1)
FN:30,(anonymous_2)
FN:38,(anonymous_3)
FN:39,(anonymous_4)
FN:43,(anonymous_5)
FN:46,(anonymous_6)
FN:50,(anonymous_7)
FNF:8
FNH:7
FNDA:24,(anonymous_0)
FNDA:8,(anonymous_1)
FNDA:3,(anonymous_2)
FNDA:3,(anonymous_3)
FNDA:3,(anonymous_4)
FNDA:0,(anonymous_5)
FNDA:14,(anonymous_6)
FNDA:3,(anonymous_7)
DA:1,3
DA:2,3
DA:14,3
DA:15,24
DA:16,24
DA:17,24
DA:18,24
DA:19,24
DA:20,24
DA:21,24
DA:23,24
DA:24,24
DA:26,24
DA:27,8
DA:30,24
DA:31,3
DA:32,3
DA:33,3
DA:36,24
DA:38,3
DA:39,3
DA:43,0
DA:46,14
DA:50,3
DA:61,3
LF:25
LH:24
BRDA:17,0,0,8
BRDA:17,0,1,16
BRDA:19,1,0,24
BRDA:19,1,1,0
BRDA:20,2,0,24
BRDA:20,2,1,0
BRDA:21,3,0,24
BRDA:21,3,1,0
BRDA:24,4,0,24
BRDA:24,4,1,24
BRDA:27,5,0,8
BRDA:27,5,1,8
BRDA:38,6,0,0
BRDA:38,6,1,24
BRDA:39,7,0,3
BRDA:39,7,1,21
BRDA:39,8,0,0
BRDA:39,8,1,3
BRDA:39,9,0,3
BRDA:39,9,1,3
BRDA:41,10,0,24
BRDA:41,10,1,6
BRF:22
BRH:17
end_of_record
TN:
SF:src\components\common\Filter\Filter.tsx
FN:12,(anonymous_2)
FN:22,(anonymous_3)
FN:30,(anonymous_4)
FN:35,(anonymous_5)
FN:40,(anonymous_6)
FN:66,(anonymous_7)
FN:70,(anonymous_8)
FN:75,(anonymous_9)
FN:90,(anonymous_10)
FN:95,(anonymous_11)
FN:99,(anonymous_12)
FN:114,(anonymous_13)
FN:118,(anonymous_14)
FNF:13
FNH:2
FNDA:13,(anonymous_2)
FNDA:1,(anonymous_3)
FNDA:0,(anonymous_4)
FNDA:0,(anonymous_5)
FNDA:0,(anonymous_6)
FNDA:0,(anonymous_7)
FNDA:0,(anonymous_8)
FNDA:0,(anonymous_9)
FNDA:0,(anonymous_10)
FNDA:0,(anonymous_11)
FNDA:0,(anonymous_12)
FNDA:0,(anonymous_13)
FNDA:0,(anonymous_14)
DA:1,2
DA:2,2
DA:3,2
DA:12,2
DA:13,13
DA:14,13
DA:15,13
DA:16,13
DA:18,13
DA:19,13
DA:20,13
DA:22,13
DA:23,1
DA:24,1
DA:25,1
DA:26,1
DA:27,1
DA:30,13
DA:31,0
DA:32,0
DA:35,13
DA:36,0
DA:37,0
DA:40,13
DA:41,0
DA:42,0
DA:45,13
DA:66,0
DA:70,0
DA:75,0
DA:90,0
DA:95,0
DA:99,0
DA:114,0
DA:118,0
DA:133,2
LF:36
LH:22
BRDA:14,0,0,13
BRDA:14,0,1,0
BRDA:15,1,0,13
BRDA:15,1,1,0
BRDA:16,2,0,13
BRDA:16,2,1,0
BRDA:57,3,0,13
BRDA:57,3,1,1
BRDA:81,4,0,13
BRDA:81,4,1,0
BRDA:105,5,0,13
BRDA:105,5,1,0
BRDA:124,6,0,13
BRDA:124,6,1,13
BRF:14
BRH:9
end_of_record
TN:
SF:src\components\common\ImageUpload\ImageUpload.tsx
FN:4,(anonymous_0)
FN:7,(anonymous_1)
FN:15,(anonymous_2)
FN:21,(anonymous_3)
FN:30,(anonymous_4)
FNF:5
FNH:5
FNDA:6,(anonymous_0)
FNDA:2,(anonymous_1)
FNDA:2,(anonymous_2)
FNDA:1,(anonymous_3)
FNDA:1,(anonymous_4)
DA:1,3
DA:2,3
DA:4,6
DA:5,6
DA:7,6
DA:8,2
DA:9,1
DA:11,1
DA:15,6
DA:16,2
DA:17,0
DA:21,6
DA:22,1
DA:23,1
DA:24,1
DA:25,1
DA:26,1
DA:30,6
DA:31,1
DA:32,1
DA:33,1
DA:36,6
DA:53,3
LF:23
LH:22
BRDA:5,0,0,6
BRDA:5,0,1,3
BRDA:8,1,0,1
BRDA:8,1,1,1
BRDA:16,2,0,0
BRDA:16,3,0,2
BRDA:16,3,1,0
BRDA:22,4,0,1
BRDA:22,5,0,1
BRDA:22,5,1,1
BRDA:38,6,0,3
BRDA:38,6,1,3
BRF:12
BRH:10
end_of_record
TN:
SF:src\components\common\Loader\Loader.tsx
FN:3,(anonymous_0)
FNF:1
FNH:1
FNDA:5,(anonymous_0)
DA:1,3
DA:3,3
DA:4,5
DA:7,3
LF:4
LH:4
BRF:0
BRH:0
end_of_record
TN:
SF:src\components\common\Pagination\Pagination.tsx
FN:10,(anonymous_0)
FN:21,(anonymous_1)
FN:25,(anonymous_2)
FN:29,(anonymous_3)
FN:38,(anonymous_4)
FNF:5
FNH:2
FNDA:7,(anonymous_0)
FNDA:0,(anonymous_1)
FNDA:3,(anonymous_2)
FNDA:0,(anonymous_3)
FNDA:0,(anonymous_4)
DA:1,2
DA:10,2
DA:11,7
DA:12,7
DA:13,7
DA:14,7
DA:16,7
DA:21,0
DA:25,3
DA:29,0
DA:38,0
DA:46,2
LF:12
LH:9
BRDA:14,0,0,0
BRDA:14,0,1,7
BRDA:20,1,0,7
BRDA:20,1,1,0
BRDA:28,2,0,3
BRDA:28,2,1,0
BRDA:37,3,0,7
BRDA:37,3,1,4
BRF:8
BRH:5
end_of_record
TN:
SF:src\components\common\RangeSelector\RangeSelector.tsx
FN:10,(anonymous_0)
FN:14,(anonymous_1)
FN:20,(anonymous_2)
FNF:3
FNH:3
FNDA:5,(anonymous_0)
FNDA:1,(anonymous_1)
FNDA:1,(anonymous_2)
DA:1,3
DA:2,3
DA:10,5
DA:11,5
DA:12,5
DA:14,5
DA:15,1
DA:16,1
DA:17,1
DA:20,5
DA:21,1
DA:22,1
DA:23,1
DA:26,5
DA:46,3
LF:15
LH:15
BRDA:10,0,0,3
BRDA:10,0,1,2
BRDA:15,1,0,1
BRDA:15,1,1,0
BRDA:21,2,0,1
BRDA:21,2,1,0
BRF:6
BRH:4
end_of_record
TN:
SF:src\components\common\Search\Search.tsx
FN:13,(anonymous_0)
FN:28,(anonymous_1)
FN:31,(anonymous_2)
FNF:3
FNH:1
FNDA:11,(anonymous_0)
FNDA:0,(anonymous_1)
FNDA:0,(anonymous_2)
DA:1,2
DA:2,2
DA:3,2
DA:13,2
DA:14,11
DA:15,11
DA:16,11
DA:17,11
DA:18,11
DA:20,11
DA:22,11
DA:28,0
DA:31,0
DA:37,2
LF:14
LH:12
BRDA:14,0,0,11
BRDA:14,0,1,0
BRDA:16,1,0,11
BRDA:16,1,1,0
BRDA:17,2,0,11
BRDA:17,2,1,0
BRDA:18,3,0,11
BRDA:18,3,1,0
BRDA:30,4,0,11
BRDA:30,4,1,11
BRF:10
BRH:6
end_of_record
TN:
SF:src\components\pages\AdListPage\AdListPage.tsx
FN:9,(anonymous_4)
FN:20,(anonymous_5)
FN:23,(anonymous_6)
FN:27,(anonymous_7)
FN:30,(anonymous_8)
FN:35,(anonymous_9)
FN:36,(anonymous_10)
FN:37,(anonymous_11)
FN:38,(anonymous_12)
FN:55,(anonymous_13)
FN:81,(anonymous_14)
FN:93,(anonymous_15)
FNF:12
FNH:8
FNDA:11,(anonymous_4)
FNDA:4,(anonymous_5)
FNDA:4,(anonymous_6)
FNDA:0,(anonymous_7)
FNDA:4,(anonymous_8)
FNDA:7,(anonymous_9)
FNDA:7,(anonymous_10)
FNDA:6,(anonymous_11)
FNDA:0,(anonymous_12)
FNDA:0,(anonymous_13)
FNDA:0,(anonymous_14)
FNDA:6,(anonymous_15)
DA:1,1
DA:2,1
DA:3,1
DA:4,1
DA:5,1
DA:7,1
DA:9,1
DA:10,11
DA:11,11
DA:12,11
DA:13,11
DA:14,11
DA:15,11
DA:17,11
DA:18,11
DA:20,11
DA:21,4
DA:22,4
DA:24,4
DA:25,4
DA:28,0
DA:31,4
DA:35,11
DA:36,7
DA:37,7
DA:38,6
DA:39,0
DA:40,0
DA:41,0
DA:42,0
DA:43,0
DA:44,0
DA:45,0
DA:47,0
DA:52,7
DA:54,7
DA:55,0
DA:56,0
DA:60,7
DA:62,7
DA:63,7
DA:66,11
DA:67,11
DA:68,11
DA:70,11
DA:81,0
DA:93,6
DA:109,1
LF:48
LH:36
BRDA:39,0,0,0
BRDA:39,0,1,0
BRDA:39,1,0,0
BRDA:39,1,1,0
BRDA:41,2,0,0
BRDA:41,2,1,0
BRDA:42,3,0,0
BRDA:42,3,1,0
BRDA:43,4,0,0
BRDA:43,4,1,0
BRDA:44,5,0,0
BRDA:54,6,0,0
BRDA:88,7,0,4
BRDA:88,7,1,7
BRF:14
BRH:2
end_of_record
TN:
SF:src\components\pages\AdListPage\components\AdCard\AdCard.tsx
FN:10,(anonymous_1)
FN:26,(anonymous_2)
FNF:2
FNH:1
FNDA:7,(anonymous_1)
FNDA:0,(anonymous_2)
DA:1,2
DA:2,2
DA:3,2
DA:10,7
DA:11,7
DA:12,7
DA:13,7
DA:26,0
DA:32,2
LF:9
LH:8
BRDA:10,0,0,7
BRDA:10,0,1,0
BRDA:16,1,0,0
BRDA:16,1,1,7
BRDA:16,2,0,7
BRDA:16,2,1,0
BRF:6
BRH:3
end_of_record
TN:
SF:src\services\api.ts
FN:13,(anonymous_14)
FN:18,(anonymous_17)
FN:18,(anonymous_18)
FN:23,(anonymous_20)
FN:23,(anonymous_21)
FN:28,(anonymous_23)
FN:28,(anonymous_24)
FN:33,(anonymous_26)
FN:33,(anonymous_27)
FNF:9
FNH:0
FNDA:0,(anonymous_14)
FNDA:0,(anonymous_17)
FNDA:0,(anonymous_18)
FNDA:0,(anonymous_20)
FNDA:0,(anonymous_21)
FNDA:0,(anonymous_23)
FNDA:0,(anonymous_24)
FNDA:0,(anonymous_26)
FNDA:0,(anonymous_27)
DA:1,1
DA:4,1
DA:6,1
DA:13,1
DA:14,0
DA:15,0
DA:18,1
DA:19,0
DA:20,0
DA:23,1
DA:24,0
DA:25,0
DA:28,1
DA:29,0
DA:30,0
DA:33,1
DA:34,0
LF:17
LH:8
BRDA:14,0,0,0
BRDA:19,1,0,0
BRDA:24,2,0,0
BRDA:29,3,0,0
BRDA:34,4,0,0
BRF:5
BRH:0
end_of_record
